2022-09-10 00:12:45 | [INFO]    | Discordia 2.9.2
2022-09-10 00:12:45 | [INFO]    | Connecting to Discord...
2022-09-10 00:12:45 | [INFO]    | Authenticated as Memix#8698
2022-09-10 00:12:45 | [INFO]    | Launching shard 0 (1 out of 1)...
2022-09-10 00:12:45 | [INFO]    | Shard 0 : Connected to wss://gateway.discord.gg
2022-09-10 00:12:45 | [INFO]    | Shard 0 : Received HELLO
2022-09-10 00:12:45 | [WARNING] | Shard 0 : 4004 - Authentication failed.
2022-09-10 00:12:45 | [INFO]    | Shard 0 : Disconnected
2022-09-10 00:12:45 | [INFO]    | Shard 0 : Reconnecting after 963 ms...
2022-09-10 00:12:46 | [INFO]    | Shard 0 : Connected to wss://gateway.discord.gg
2022-09-10 00:12:46 | [INFO]    | Shard 0 : Received HELLO
2022-09-10 00:12:53 | [WARNING] | Shard 0 : 4004 - Authentication failed.
2022-09-10 00:12:53 | [INFO]    | Shard 0 : Disconnected
2022-09-10 00:12:53 | [INFO]    | Shard 0 : Reconnecting after 2077 ms...
2022-09-10 00:12:55 | [INFO]    | Shard 0 : Connected to wss://gateway.discord.gg
2022-09-10 00:12:55 | [INFO]    | Shard 0 : Received HELLO
2022-09-10 00:13:00 | [WARNING] | Shard 0 : 4004 - Authentication failed.
2022-09-10 00:13:00 | [INFO]    | Shard 0 : Disconnected
2022-09-10 00:13:00 | [INFO]    | Shard 0 : Reconnecting after 3942 ms...
2022-09-10 00:13:04 | [INFO]    | Shard 0 : Connected to wss://gateway.discord.gg
2022-09-10 00:13:04 | [INFO]    | Shard 0 : Received HELLO
2022-09-10 00:13:08 | [WARNING] | Shard 0 : 4004 - Authentication failed.
2022-09-10 00:13:08 | [INFO]    | Shard 0 : Disconnected
2022-09-10 00:13:08 | [INFO]    | Shard 0 : Reconnecting after 7451 ms...
2022-09-10 00:13:15 | [INFO]    | Shard 0 : Connected to wss://gateway.discord.gg
2022-09-10 00:13:15 | [INFO]    | Shard 0 : Received HELLO
2022-09-10 00:13:16 | [WARNING] | Shard 0 : 4004 - Authentication failed.
2022-09-10 00:13:16 | [INFO]    | Shard 0 : Disconnected
2022-09-10 00:13:16 | [INFO]    | Shard 0 : Reconnecting after 14825 ms...
2022-09-10 00:15:24 | [INFO]    | Discordia 2.9.2
2022-09-10 00:15:24 | [INFO]    | Connecting to Discord...
2022-09-10 00:15:24 | [INFO]    | Authenticated as Memix#8698
2022-09-10 00:15:24 | [INFO]    | Launching shard 0 (1 out of 1)...
2022-09-10 00:15:25 | [INFO]    | Shard 0 : Connected to wss://gateway.discord.gg
2022-09-10 00:15:25 | [INFO]    | Shard 0 : Received HELLO
2022-09-10 00:15:25 | [WARNING] | Shard 0 : 4004 - Authentication failed.
2022-09-10 00:15:25 | [INFO]    | Shard 0 : Disconnected
2022-09-10 00:15:25 | [INFO]    | Shard 0 : Reconnecting after 933 ms...
2022-09-10 00:15:26 | [INFO]    | Shard 0 : Connected to wss://gateway.discord.gg
2022-09-10 00:15:26 | [INFO]    | Shard 0 : Received HELLO
2022-09-10 00:15:32 | [WARNING] | Shard 0 : 4004 - Authentication failed.
2022-09-10 00:15:32 | [INFO]    | Shard 0 : Disconnected
2022-09-10 00:15:32 | [INFO]    | Shard 0 : Reconnecting after 2094 ms...
2022-09-10 00:15:34 | [INFO]    | Shard 0 : Connected to wss://gateway.discord.gg
2022-09-10 00:15:34 | [INFO]    | Shard 0 : Received HELLO
2022-09-10 00:15:40 | [WARNING] | Shard 0 : 4004 - Authentication failed.
2022-09-10 00:15:40 | [INFO]    | Shard 0 : Disconnected
2022-09-10 00:15:40 | [INFO]    | Shard 0 : Reconnecting after 3781 ms...
2022-09-10 00:15:44 | [INFO]    | Shard 0 : Connected to wss://gateway.discord.gg
2022-09-10 00:15:44 | [INFO]    | Shard 0 : Received HELLO
2022-09-10 00:15:47 | [WARNING] | Shard 0 : 4004 - Authentication failed.
2022-09-10 00:15:47 | [INFO]    | Shard 0 : Disconnected
2022-09-10 00:15:47 | [INFO]    | Shard 0 : Reconnecting after 7329 ms...
2022-09-10 00:15:55 | [INFO]    | Shard 0 : Connected to wss://gateway.discord.gg
2022-09-10 00:15:55 | [INFO]    | Shard 0 : Received HELLO
2022-09-10 00:15:55 | [WARNING] | Shard 0 : 4004 - Authentication failed.
2022-09-10 00:15:55 | [INFO]    | Shard 0 : Disconnected
2022-09-10 00:15:55 | [INFO]    | Shard 0 : Reconnecting after 14809 ms...
2022-09-10 00:16:10 | [INFO]    | Shard 0 : Connected to wss://gateway.discord.gg
2022-09-10 00:16:10 | [INFO]    | Shard 0 : Received HELLO
2022-09-10 00:16:10 | [WARNING] | Shard 0 : 4004 - Authentication failed.
2022-09-10 00:16:10 | [INFO]    | Shard 0 : Disconnected
2022-09-10 00:16:10 | [INFO]    | Shard 0 : Reconnecting after 31327 ms...
2022-09-10 00:16:41 | [INFO]    | Discordia 2.9.2
2022-09-10 00:16:41 | [INFO]    | Connecting to Discord...
2022-09-10 00:16:41 | [INFO]    | Authenticated as Memix#8698
2022-09-10 00:16:41 | [INFO]    | Launching shard 0 (1 out of 1)...
2022-09-10 00:16:42 | [INFO]    | Shard 0 : Connected to wss://gateway.discord.gg
2022-09-10 00:16:42 | [INFO]    | Shard 0 : Received HELLO
2022-09-10 00:16:42 | [INFO]    | Shard 0 : Received READY
2022-09-10 00:19:59 | [INFO]    | Discordia 2.9.2
2022-09-10 00:19:59 | [INFO]    | Connecting to Discord...
2022-09-10 00:19:59 | [INFO]    | Authenticated as Memix#8698
2022-09-10 00:19:59 | [INFO]    | Launching shard 0 (1 out of 1)...
2022-09-10 00:19:59 | [INFO]    | Shard 0 : Connected to wss://gateway.discord.gg
2022-09-10 00:19:59 | [INFO]    | Shard 0 : Received HELLO
2022-09-10 00:20:00 | [INFO]    | Shard 0 : Received READY
2022-09-10 00:21:58 | [INFO]    | Discordia 2.9.2
2022-09-10 00:21:58 | [INFO]    | Connecting to Discord...
2022-09-10 00:21:59 | [INFO]    | Authenticated as Memix#8698
2022-09-10 00:21:59 | [INFO]    | Launching shard 0 (1 out of 1)...
2022-09-10 00:21:59 | [INFO]    | Shard 0 : Connected to wss://gateway.discord.gg
2022-09-10 00:21:59 | [INFO]    | Shard 0 : Received HELLO
2022-09-10 00:21:59 | [INFO]    | Shard 0 : Received READY
2022-09-10 00:23:14 | [INFO]    | Discordia 2.9.2
2022-09-10 00:23:14 | [INFO]    | Connecting to Discord...
2022-09-10 00:23:14 | [INFO]    | Authenticated as Memix#8698
2022-09-10 00:23:14 | [INFO]    | Launching shard 0 (1 out of 1)...
2022-09-10 00:23:15 | [INFO]    | Shard 0 : Connected to wss://gateway.discord.gg
2022-09-10 00:23:15 | [INFO]    | Shard 0 : Received HELLO
2022-09-10 00:23:15 | [INFO]    | Shard 0 : Received READY
2022-09-10 00:23:45 | [INFO]    | Discordia 2.9.2
2022-09-10 00:23:45 | [INFO]    | Connecting to Discord...
2022-09-10 00:23:45 | [INFO]    | Authenticated as Memix#8698
2022-09-10 00:23:45 | [INFO]    | Launching shard 0 (1 out of 1)...
2022-09-10 00:23:45 | [INFO]    | Shard 0 : Connected to wss://gateway.discord.gg
2022-09-10 00:23:45 | [INFO]    | Shard 0 : Received HELLO
2022-09-10 00:23:46 | [INFO]    | Shard 0 : Received READY
2022-09-10 00:24:14 | [INFO]    | Discordia 2.9.2
2022-09-10 00:24:14 | [INFO]    | Connecting to Discord...
2022-09-10 00:24:14 | [INFO]    | Authenticated as Memix#8698
2022-09-10 00:24:14 | [INFO]    | Launching shard 0 (1 out of 1)...
2022-09-10 00:24:14 | [INFO]    | Shard 0 : Connected to wss://gateway.discord.gg
2022-09-10 00:24:14 | [INFO]    | Shard 0 : Received HELLO
2022-09-10 00:24:14 | [INFO]    | Shard 0 : Received READY
2022-09-10 00:25:09 | [INFO]    | Discordia 2.9.2
2022-09-10 00:25:09 | [INFO]    | Connecting to Discord...
2022-09-10 00:25:10 | [INFO]    | Authenticated as Memix#8698
2022-09-10 00:25:10 | [INFO]    | Launching shard 0 (1 out of 1)...
2022-09-10 00:25:10 | [INFO]    | Shard 0 : Connected to wss://gateway.discord.gg
2022-09-10 00:25:10 | [INFO]    | Shard 0 : Received HELLO
2022-09-10 00:25:10 | [INFO]    | Shard 0 : Received READY
2022-09-10 00:25:48 | [INFO]    | Discordia 2.9.2
2022-09-10 00:25:48 | [INFO]    | Connecting to Discord...
2022-09-10 00:25:48 | [INFO]    | Authenticated as Memix#8698
2022-09-10 00:25:48 | [INFO]    | Launching shard 0 (1 out of 1)...
2022-09-10 00:25:49 | [INFO]    | Shard 0 : Connected to wss://gateway.discord.gg
2022-09-10 00:25:49 | [INFO]    | Shard 0 : Received HELLO
2022-09-10 00:25:49 | [INFO]    | Shard 0 : Received READY
2022-09-10 00:27:25 | [WARNING] | Shard 0 : 4003 - Not authenticated.
2022-09-10 00:27:25 | [INFO]    | Shard 0 : Disconnected
2022-09-10 00:27:25 | [INFO]    | Shard 0 : Reconnecting after 1037 ms...
2022-09-10 00:27:26 | [INFO]    | Shard 0 : Connected to wss://gateway.discord.gg
2022-09-10 00:27:26 | [INFO]    | Shard 0 : Received HELLO
2022-09-10 00:27:26 | [INFO]    | Shard 0 : Session invalidated, re-identifying...
2022-09-10 00:27:31 | [INFO]    | Shard 0 : Received READY
2022-09-10 00:28:02 | [INFO]    | Discordia 2.9.2
2022-09-10 00:28:02 | [INFO]    | Connecting to Discord...
2022-09-10 00:28:02 | [INFO]    | Authenticated as Memix#8698
2022-09-10 00:28:02 | [INFO]    | Launching shard 0 (1 out of 1)...
2022-09-10 00:28:02 | [INFO]    | Shard 0 : Connected to wss://gateway.discord.gg
2022-09-10 00:28:02 | [INFO]    | Shard 0 : Received HELLO
2022-09-10 00:28:02 | [INFO]    | Shard 0 : Received READY
2022-09-10 00:35:37 | [INFO]    | Discordia 2.9.2
2022-09-10 00:35:37 | [INFO]    | Connecting to Discord...
2022-09-10 00:35:37 | [INFO]    | Authenticated as Memix#8698
2022-09-10 00:35:37 | [INFO]    | Launching shard 0 (1 out of 1)...
2022-09-10 00:35:37 | [INFO]    | Shard 0 : Connected to wss://gateway.discord.gg
2022-09-10 00:35:37 | [INFO]    | Shard 0 : Received HELLO
2022-09-10 00:35:38 | [INFO]    | Shard 0 : Received READY
2022-09-10 00:35:43 | [ERROR]   | 400 - Bad Request : POST https://discord.com/api/v7/channels/1018007621099343924/messages
2022-09-10 00:36:30 | [INFO]    | Discordia 2.9.2
2022-09-10 00:36:30 | [INFO]    | Connecting to Discord...
2022-09-10 00:36:30 | [INFO]    | Authenticated as Memix#8698
2022-09-10 00:36:30 | [INFO]    | Launching shard 0 (1 out of 1)...
2022-09-10 00:36:31 | [INFO]    | Shard 0 : Connected to wss://gateway.discord.gg
2022-09-10 00:36:31 | [INFO]    | Shard 0 : Received HELLO
2022-09-10 00:36:31 | [INFO]    | Shard 0 : Received READY
2022-09-10 00:43:27 | [INFO]    | Discordia 2.9.2
2022-09-10 00:43:27 | [INFO]    | Connecting to Discord...
2022-09-10 00:43:27 | [INFO]    | Authenticated as Memix#8698
2022-09-10 00:43:27 | [INFO]    | Launching shard 0 (1 out of 1)...
2022-09-10 00:43:28 | [INFO]    | Shard 0 : Connected to wss://gateway.discord.gg
2022-09-10 00:43:28 | [INFO]    | Shard 0 : Received HELLO
2022-09-10 00:43:28 | [INFO]    | Shard 0 : Received READY
2022-09-10 00:43:37 | [INFO]    | Discordia 2.9.2
2022-09-10 00:43:37 | [INFO]    | Connecting to Discord...
2022-09-10 00:43:37 | [INFO]    | Authenticated as Memix#8698
2022-09-10 00:43:37 | [INFO]    | Launching shard 0 (1 out of 1)...
2022-09-10 00:43:38 | [INFO]    | Shard 0 : Connected to wss://gateway.discord.gg
2022-09-10 00:43:38 | [INFO]    | Shard 0 : Received HELLO
2022-09-10 00:43:38 | [INFO]    | Shard 0 : Received READY
2022-09-10 00:49:28 | [INFO]    | Discordia 2.9.2
2022-09-10 00:49:28 | [INFO]    | Connecting to Discord...
2022-09-10 00:49:28 | [INFO]    | Authenticated as Memix#8698
2022-09-10 00:49:28 | [INFO]    | Launching shard 0 (1 out of 1)...
2022-09-10 00:49:28 | [INFO]    | Shard 0 : Connected to wss://gateway.discord.gg
2022-09-10 00:49:28 | [INFO]    | Shard 0 : Received HELLO
2022-09-10 00:49:28 | [INFO]    | Shard 0 : Received READY
2022-09-10 00:49:59 | [INFO]    | Discordia 2.9.2
2022-09-10 00:49:59 | [INFO]    | Connecting to Discord...
2022-09-10 00:49:59 | [INFO]    | Authenticated as Memix#8698
2022-09-10 00:49:59 | [INFO]    | Launching shard 0 (1 out of 1)...
2022-09-10 00:49:59 | [INFO]    | Shard 0 : Connected to wss://gateway.discord.gg
2022-09-10 00:49:59 | [INFO]    | Shard 0 : Received HELLO
2022-09-10 00:50:00 | [INFO]    | Shard 0 : Received READY
2022-09-10 00:50:46 | [INFO]    | Discordia 2.9.2
2022-09-10 00:50:46 | [INFO]    | Connecting to Discord...
2022-09-10 00:50:46 | [INFO]    | Authenticated as Memix#8698
2022-09-10 00:50:46 | [INFO]    | Launching shard 0 (1 out of 1)...
2022-09-10 00:50:46 | [INFO]    | Shard 0 : Connected to wss://gateway.discord.gg
2022-09-10 00:50:46 | [INFO]    | Shard 0 : Received HELLO
2022-09-10 00:50:46 | [INFO]    | Shard 0 : Received READY
2022-09-10 00:52:42 | [INFO]    | Discordia 2.9.2
2022-09-10 00:52:42 | [INFO]    | Connecting to Discord...
2022-09-10 00:52:42 | [INFO]    | Authenticated as Memix#8698
2022-09-10 00:52:42 | [INFO]    | Launching shard 0 (1 out of 1)...
2022-09-10 00:52:42 | [INFO]    | Shard 0 : Connected to wss://gateway.discord.gg
2022-09-10 00:52:42 | [INFO]    | Shard 0 : Received HELLO
2022-09-10 00:52:43 | [INFO]    | Shard 0 : Received READY
2022-09-10 00:52:55 | [ERROR]   | 400 - Bad Request : POST https://discord.com/api/v7/channels/1018007621099343924/messages
2022-09-10 00:53:55 | [ERROR]   | 400 - Bad Request : POST https://discord.com/api/v7/channels/1018007621099343924/messages
2022-09-10 00:54:25 | [ERROR]   | 400 - Bad Request : POST https://discord.com/api/v7/channels/1018007621099343924/messages
2022-09-10 00:54:28 | [ERROR]   | 400 - Bad Request : POST https://discord.com/api/v7/channels/1018007621099343924/messages
2022-09-10 00:54:44 | [ERROR]   | 400 - Bad Request : POST https://discord.com/api/v7/channels/1018007621099343924/messages
2022-09-10 00:54:59 | [INFO]    | Discordia 2.9.2
2022-09-10 00:54:59 | [INFO]    | Connecting to Discord...
2022-09-10 00:54:59 | [INFO]    | Authenticated as Memix#8698
2022-09-10 00:54:59 | [INFO]    | Launching shard 0 (1 out of 1)...
2022-09-10 00:54:59 | [INFO]    | Shard 0 : Connected to wss://gateway.discord.gg
2022-09-10 00:54:59 | [INFO]    | Shard 0 : Received HELLO
2022-09-10 00:54:59 | [INFO]    | Shard 0 : Received READY
2022-09-10 00:58:07 | [INFO]    | Discordia 2.9.2
2022-09-10 00:58:07 | [INFO]    | Connecting to Discord...
2022-09-10 00:58:07 | [INFO]    | Authenticated as Memix#8698
2022-09-10 00:58:07 | [INFO]    | Launching shard 0 (1 out of 1)...
2022-09-10 00:58:07 | [INFO]    | Shard 0 : Connected to wss://gateway.discord.gg
2022-09-10 00:58:07 | [INFO]    | Shard 0 : Received HELLO
2022-09-10 00:58:07 | [INFO]    | Shard 0 : Received READY
2022-09-10 00:58:33 | [INFO]    | Discordia 2.9.2
2022-09-10 00:58:33 | [INFO]    | Connecting to Discord...
2022-09-10 00:58:33 | [INFO]    | Authenticated as Memix#8698
2022-09-10 00:58:33 | [INFO]    | Launching shard 0 (1 out of 1)...
2022-09-10 00:58:33 | [INFO]    | Shard 0 : Connected to wss://gateway.discord.gg
2022-09-10 00:58:33 | [INFO]    | Shard 0 : Received HELLO
2022-09-10 00:58:34 | [INFO]    | Shard 0 : Received READY
2022-09-10 01:03:13 | [INFO]    | Discordia 2.9.2
2022-09-10 01:03:13 | [INFO]    | Connecting to Discord...
2022-09-10 01:03:14 | [INFO]    | Authenticated as Memix#8698
2022-09-10 01:03:14 | [INFO]    | Launching shard 0 (1 out of 1)...
2022-09-10 01:03:14 | [INFO]    | Shard 0 : Connected to wss://gateway.discord.gg
2022-09-10 01:03:14 | [INFO]    | Shard 0 : Received HELLO
2022-09-10 01:03:14 | [INFO]    | Shard 0 : Received READY
2022-09-10 01:04:35 | [INFO]    | Discordia 2.9.2
2022-09-10 01:04:35 | [INFO]    | Connecting to Discord...
2022-09-10 01:04:35 | [INFO]    | Authenticated as Memix#8698
2022-09-10 01:04:35 | [INFO]    | Launching shard 0 (1 out of 1)...
2022-09-10 01:04:35 | [INFO]    | Shard 0 : Connected to wss://gateway.discord.gg
2022-09-10 01:04:35 | [INFO]    | Shard 0 : Received HELLO
2022-09-10 01:04:35 | [INFO]    | Shard 0 : Received READY
2022-09-10 01:06:51 | [INFO]    | Discordia 2.9.2
2022-09-10 01:06:51 | [INFO]    | Connecting to Discord...
2022-09-10 01:06:52 | [INFO]    | Authenticated as Memix#8698
2022-09-10 01:06:52 | [INFO]    | Launching shard 0 (1 out of 1)...
2022-09-10 01:06:52 | [INFO]    | Shard 0 : Connected to wss://gateway.discord.gg
2022-09-10 01:06:52 | [INFO]    | Shard 0 : Received HELLO
2022-09-10 01:06:52 | [INFO]    | Shard 0 : Received READY
2022-09-10 01:06:56 | [ERROR]   | 400 - Bad Request : POST https://discord.com/api/v7/channels/1018007621099343924/messages
2022-09-10 01:08:40 | [INFO]    | Discordia 2.9.2
2022-09-10 01:08:40 | [INFO]    | Connecting to Discord...
2022-09-10 01:08:40 | [INFO]    | Authenticated as Memix#8698
2022-09-10 01:08:40 | [INFO]    | Launching shard 0 (1 out of 1)...
2022-09-10 01:08:40 | [INFO]    | Shard 0 : Connected to wss://gateway.discord.gg
2022-09-10 01:08:40 | [INFO]    | Shard 0 : Received HELLO
2022-09-10 01:08:40 | [INFO]    | Shard 0 : Received READY
2022-09-10 01:08:45 | [ERROR]   | 400 - Bad Request : POST https://discord.com/api/v7/channels/1018007621099343924/messages
2022-09-10 01:09:23 | [INFO]    | Discordia 2.9.2
2022-09-10 01:09:23 | [INFO]    | Connecting to Discord...
2022-09-10 01:09:23 | [INFO]    | Authenticated as Memix#8698
2022-09-10 01:09:23 | [INFO]    | Launching shard 0 (1 out of 1)...
2022-09-10 01:09:23 | [INFO]    | Shard 0 : Connected to wss://gateway.discord.gg
2022-09-10 01:09:23 | [INFO]    | Shard 0 : Received HELLO
2022-09-10 01:09:23 | [INFO]    | Shard 0 : Received READY
2022-09-10 01:09:27 | [ERROR]   | 400 - Bad Request : POST https://discord.com/api/v7/channels/1018007621099343924/messages
2022-09-10 01:10:01 | [INFO]    | Discordia 2.9.2
2022-09-10 01:10:01 | [INFO]    | Connecting to Discord...
2022-09-10 01:10:01 | [INFO]    | Authenticated as Memix#8698
2022-09-10 01:10:01 | [INFO]    | Launching shard 0 (1 out of 1)...
2022-09-10 01:10:01 | [INFO]    | Shard 0 : Connected to wss://gateway.discord.gg
2022-09-10 01:10:01 | [INFO]    | Shard 0 : Received HELLO
2022-09-10 01:10:01 | [INFO]    | Shard 0 : Received READY
2022-09-10 01:10:51 | [INFO]    | Discordia 2.9.2
2022-09-10 01:10:51 | [INFO]    | Connecting to Discord...
2022-09-10 01:10:51 | [INFO]    | Authenticated as Memix#8698
2022-09-10 01:10:51 | [INFO]    | Launching shard 0 (1 out of 1)...
2022-09-10 01:10:51 | [INFO]    | Shard 0 : Connected to wss://gateway.discord.gg
2022-09-10 01:10:51 | [INFO]    | Shard 0 : Received HELLO
2022-09-10 01:10:51 | [INFO]    | Shard 0 : Received READY
2022-09-10 01:11:36 | [INFO]    | Discordia 2.9.2
2022-09-10 01:11:36 | [INFO]    | Connecting to Discord...
2022-09-10 01:11:36 | [INFO]    | Authenticated as Memix#8698
2022-09-10 01:11:36 | [INFO]    | Launching shard 0 (1 out of 1)...
2022-09-10 01:11:36 | [INFO]    | Shard 0 : Connected to wss://gateway.discord.gg
2022-09-10 01:11:36 | [INFO]    | Shard 0 : Received HELLO
2022-09-10 01:11:36 | [INFO]    | Shard 0 : Received READY
2022-09-10 01:15:22 | [INFO]    | Discordia 2.9.2
2022-09-10 01:15:22 | [INFO]    | Connecting to Discord...
2022-09-10 01:15:22 | [INFO]    | Authenticated as Memix#8698
2022-09-10 01:15:22 | [INFO]    | Launching shard 0 (1 out of 1)...
2022-09-10 01:15:22 | [INFO]    | Shard 0 : Connected to wss://gateway.discord.gg
2022-09-10 01:15:22 | [INFO]    | Shard 0 : Received HELLO
2022-09-10 01:15:22 | [INFO]    | Shard 0 : Received READY
2022-09-10 01:25:55 | [INFO]    | Discordia 2.9.2
2022-09-10 01:25:55 | [INFO]    | Connecting to Discord...
2022-09-10 01:25:55 | [INFO]    | Authenticated as Memix#8698
2022-09-10 01:25:55 | [INFO]    | Launching shard 0 (1 out of 1)...
2022-09-10 01:25:55 | [INFO]    | Shard 0 : Connected to wss://gateway.discord.gg
2022-09-10 01:25:55 | [INFO]    | Shard 0 : Received HELLO
2022-09-10 01:25:56 | [INFO]    | Shard 0 : Received READY
